<?xml version="1.0" encoding="UTF-8"?>
<!-- Generated by org.testng.reporters.JUnitReportReporter -->
<testsuite skipped="0" hostname="DESKTOP-T1UPTMJ" name="testNG_Practice.Priority" tests="3" failures="0" timestamp="2019-10-07T13:11:00 IST" time="0.013" errors="0">
  <testcase name="Login" time="0.011" classname="testNG_Practice.Priority"/>
  <testcase name="sendRequest" time="0.001" classname="testNG_Practice.Priority"/>
  <testcase name="Logout" time="0.001" classname="testNG_Practice.Priority"/>
</testsuite> <!-- testNG_Practice.Priority -->
