<?xml version="1.0" encoding="UTF-8"?>
<!-- Generated by org.testng.reporters.JUnitReportReporter -->
<testsuite skipped="0" hostname="DESKTOP-T1UPTMJ" name="myTestNGPack.Myproject" tests="2" failures="0" timestamp="2019-10-07T21:29:28 IST" time="16.998" errors="0">
  <testcase name="SearchCustomer" time="0.910" classname="myTestNGPack.Myproject"/>
  <testcase name="AssignTag" time="16.088" classname="myTestNGPack.Myproject"/>
</testsuite> <!-- myTestNGPack.Myproject -->
