<?xml version="1.0" encoding="UTF-8"?>
<!-- Generated by org.testng.reporters.JUnitReportReporter -->
<testsuite skipped="1" hostname="DESKTOP-T1UPTMJ" name="testNG_Practice.Depends_Testng" tests="5" failures="0" timestamp="2019-10-07T21:59:56 IST" time="0.014" errors="0">
  <testcase name="firstMethod" time="0.002" classname="testNG_Practice.Depends_Testng"/>
  <testcase name="firstMethod" time="0.001" classname="testNG_Practice.Depends_Testng"/>
  <testcase name="ThirdMethod" time="0.010" classname="testNG_Practice.Depends_Testng"/>
  <testcase name="firstMethod" time="0.001" classname="testNG_Practice.Depends_Testng"/>
  <testcase name="SecondMethod" classname="testNG_Practice.Depends_Testng">
    <skipped/>
  </testcase> <!-- SecondMethod -->
</testsuite> <!-- testNG_Practice.Depends_Testng -->
