<?xml version="1.0" encoding="UTF-8"?>
<!-- Generated by org.testng.reporters.JUnitReportReporter -->
<testsuite skipped="0" hostname="DESKTOP-T1UPTMJ" name="testNG_Practice.ExecutionFlow_Testng" tests="1" failures="0" timestamp="2019-10-07T14:18:24 IST" time="0.000" errors="0">
  <testcase name="Execution" time="0.000" classname="testNG_Practice.ExecutionFlow_Testng"/>
</testsuite> <!-- testNG_Practice.ExecutionFlow_Testng -->
