<?xml version="1.0" encoding="UTF-8"?>
<!-- Generated by org.testng.reporters.JUnitReportReporter -->
<testsuite skipped="0" hostname="DESKTOP-T1UPTMJ" name="myTestNGPack.Myobject" tests="1" failures="0" timestamp="2019-10-07T16:01:55 IST" time="0.004" errors="0">
  <testcase name="logintobookmyshow" time="0.004" classname="myTestNGPack.Myobject"/>
</testsuite> <!-- myTestNGPack.Myobject -->
