<?xml version="1.0" encoding="UTF-8"?>
<!-- Generated by org.testng.reporters.JUnitReportReporter -->
<testsuite skipped="0" hostname="DESKTOP-T1UPTMJ" name="myTestNGPack.Two_Browsers" tests="2" failures="0" timestamp="2019-10-07T20:52:03 IST" time="55.121" errors="0">
  <testcase name="divya" time="32.289" classname="myTestNGPack.Two_Browsers"/>
  <testcase name="login" time="22.832" classname="myTestNGPack.Two_Browsers"/>
</testsuite> <!-- myTestNGPack.Two_Browsers -->
