<?xml version="1.0" encoding="UTF-8"?>
<!-- Generated by org.testng.reporters.JUnitReportReporter -->
<testsuite skipped="0" hostname="DESKTOP-T1UPTMJ" name="myTestNGPack.Testngbasic" tests="3" failures="0" timestamp="2019-10-10T08:50:35 IST" time="0.016" errors="0">
  <testcase name="thirdmethod" time="0.005" classname="myTestNGPack.Testngbasic"/>
  <testcase name="secondmethod" time="0.010" classname="myTestNGPack.Testngbasic"/>
  <testcase name="fourthmethod" time="0.001" classname="myTestNGPack.Testngbasic"/>
</testsuite> <!-- myTestNGPack.Testngbasic -->
